<?xml version="1.0" encoding="UTF-8"?>
<testng-results skipped="0" failed="0" ignored="0" total="1" passed="1">
  <reporter-output>
  </reporter-output>
  <suite name="Surefire suite" duration-ms="32307" started-at="2021-10-21T11:40:28Z" finished-at="2021-10-21T11:41:00Z">
    <groups>
      <group name="cucumber">
        <method signature="AbstractTestNGCucumberTests.runScenario(io.cucumber.testng.PickleWrapper, io.cucumber.testng.FeatureWrapper)[pri:0, instance:Parallel.ParallelRunner@feb3fa]" name="runScenario" class="io.cucumber.testng.AbstractTestNGCucumberTests"/>
      </group> <!-- cucumber -->
    </groups>
    <test name="Surefire test" duration-ms="32307" started-at="2021-10-21T11:40:28Z" finished-at="2021-10-21T11:41:00Z">
      <class name="Parallel.ParallelRunner">
        <test-method status="PASS" signature="setUpClass()[pri:0, instance:Parallel.ParallelRunner@feb3fa]" name="setUpClass" is-config="true" duration-ms="886" started-at="2021-10-21T11:40:28Z" finished-at="2021-10-21T11:40:28Z">
          <reporter-output>
          </reporter-output>
        </test-method> <!-- setUpClass -->
        <test-method status="PASS" signature="runScenario(io.cucumber.testng.PickleWrapper, io.cucumber.testng.FeatureWrapper)[pri:0, instance:Parallel.ParallelRunner@feb3fa]" name="runScenario" duration-ms="27554" started-at="2021-10-21T11:40:28Z" description="Runs Cucumber Scenarios" data-provider="scenarios" finished-at="2021-10-21T11:40:56Z">
          <params>
            <param index="0">
              <value>
                <![CDATA["2 - Search test 2"]]>
              </value>
            </param>
            <param index="1">
              <value>
                <![CDATA["Optional[Search]"]]>
              </value>
            </param>
          </params>
          <reporter-output>
          </reporter-output>
        </test-method> <!-- runScenario -->
        <test-method status="PASS" signature="tearDownClass()[pri:0, instance:Parallel.ParallelRunner@feb3fa]" name="tearDownClass" is-config="true" duration-ms="3851" started-at="2021-10-21T11:40:56Z" finished-at="2021-10-21T11:41:00Z">
          <reporter-output>
          </reporter-output>
        </test-method> <!-- tearDownClass -->
      </class> <!-- Parallel.ParallelRunner -->
    </test> <!-- Surefire test -->
  </suite> <!-- Surefire suite -->
</testng-results>
